<?xml version="1.0" encoding="UTF-8"?>
<!-- Generated by org.testng.reporters.JUnitReportReporter -->
<testsuite hostname="BGLPF2ANKWJ" failures="0" tests="1" name="tutorials.MyScreenshot" time="10.785" errors="0" timestamp="2022-09-23T01:13:11 IST" skipped="0">
  <testcase classname="tutorials.MyScreenshot" name="TakeScreenshot" time="10.785"/>
  <system-out/>
</testsuite> <!-- tutorials.MyScreenshot -->
