<?xml version="1.0" encoding="UTF-8"?>
<!-- Generated by org.testng.reporters.JUnitReportReporter -->
<testsuite hostname="LM487xvCub9QUXK" failures="0" tests="1" name="tutorials.TestCaseOne" time="0.003" errors="0" timestamp="2023-10-30T10:54:42 IST" skipped="0">
  <testcase classname="tutorials.TestCaseOne" name="FirstTest" time="0.003"/>
  <system-out/>
</testsuite> <!-- tutorials.TestCaseOne -->
