<?xml version="1.0" encoding="UTF-8"?>
<!-- Generated by org.testng.reporters.JUnitReportReporter -->
<testsuite hostname="BGLPF2ANKWJ" failures="0" tests="1" name="pkg1.Sample2" time="0.012" errors="0" timestamp="2022-08-07T15:48:02 IST" skipped="0">
  <testcase classname="pkg1.Sample2" name="Test1" time="0.012"/>
  <system-out/>
</testsuite> <!-- pkg1.Sample2 -->
