<?xml version="1.0" encoding="UTF-8"?>
<!-- Generated by org.testng.reporters.JUnitReportReporter -->
<testsuite hostname="BGLPF2ANKWJ" failures="0" tests="1" name="tutorials.LeftandRightClicks" time="0.136" errors="0" timestamp="2023-06-12T23:23:16 IST" skipped="0">
  <testcase classname="tutorials.LeftandRightClicks" name="TestLeftRightClick" time="0.136"/>
  <system-out/>
</testsuite> <!-- tutorials.LeftandRightClicks -->
