<?xml version="1.0" encoding="UTF-8"?>
<!-- Generated by org.testng.reporters.JUnitReportReporter -->
<testsuite hostname="BGLPF2ANKWJ" failures="0" tests="1" name="pkg1.FindLinks" time="10.011" errors="0" timestamp="2022-09-04T01:43:19 IST" skipped="0">
  <testcase classname="pkg1.FindLinks" name="TotalLinks" time="10.011"/>
  <system-out/>
</testsuite> <!-- pkg1.FindLinks -->
