<?xml version="1.0" encoding="UTF-8"?>
<!-- Generated by org.testng.reporters.JUnitReportReporter -->
<testsuite hostname="BGLPF2ANKWJ" failures="0" tests="1" name="tutorials.DropdownHandle" time="0.252" errors="0" timestamp="2023-06-12T23:47:46 IST" skipped="0">
  <testcase classname="tutorials.DropdownHandle" name="dropdownhandling" time="0.252"/>
  <system-out/>
</testsuite> <!-- tutorials.DropdownHandle -->
