<?xml version="1.0" encoding="UTF-8"?>
<!-- Generated by org.testng.reporters.JUnitReportReporter -->
<testsuite hostname="BGLPF2ANKWJ" failures="0" tests="1" name="pkg1.Annotations" time="0.054" errors="0" timestamp="2022-09-04T01:43:19 IST" skipped="0">
  <testcase classname="pkg1.Annotations" name="Testsample" time="0.054"/>
  <system-out/>
</testsuite> <!-- pkg1.Annotations -->
