<?xml version="1.0" encoding="UTF-8"?>
<!-- Generated by org.testng.reporters.JUnitReportReporter -->
<testsuite hostname="BGLPF2ANKWJ" failures="0" tests="1" name="pkg1.Samplehello1" time="0.025" errors="0" timestamp="2022-09-04T01:43:19 IST" skipped="0">
  <testcase classname="pkg1.Samplehello1" name="Hellosample1" time="0.025"/>
  <system-out/>
</testsuite> <!-- pkg1.Samplehello1 -->
