<?xml version="1.0" encoding="UTF-8"?>
<!-- Generated by org.testng.reporters.JUnitReportReporter -->
<testsuite hostname="BGLPF2ANKWJ" failures="0" tests="1" name="tutorials.RobotClassTutorial" time="21.230" errors="0" timestamp="2023-03-16T10:56:06 IST" skipped="0">
  <testcase classname="tutorials.RobotClassTutorial" name="RobotClassTest" time="21.230"/>
  <system-out/>
</testsuite> <!-- tutorials.RobotClassTutorial -->
