<?xml version="1.0" encoding="UTF-8"?>
<!-- Generated by org.testng.reporters.JUnitReportReporter -->
<testsuite hostname="BGLPF2ANKWJ" failures="0" tests="1" name="tutorials.TabWindowHandles" time="4.253" errors="0" timestamp="2022-09-23T00:46:40 IST" skipped="0">
  <testcase classname="tutorials.TabWindowHandles" name="VerifyTabWindow" time="4.253"/>
  <system-out/>
</testsuite> <!-- tutorials.TabWindowHandles -->
